<?xml version="1.0" encoding="UTF-8"?>
<testng-results skipped="0" failed="0" ignored="0" total="2" passed="2">
  <reporter-output>
  </reporter-output>
  <suite name="Test Evaluation" duration-ms="3452" started-at="2019-11-30T07:05:01Z" finished-at="2019-11-30T07:05:05Z">
    <groups>
    </groups>
    <test name="Automation" duration-ms="3452" started-at="2019-11-30T07:05:01Z" finished-at="2019-11-30T07:05:05Z">
      <class name="test.Evaluation.Evaluation2">
        <test-method status="PASS" signature="getResponse()[pri:0, instance:test.Evaluation.Evaluation2@569cfc36]" name="getResponse" duration-ms="2825" started-at="2019-11-30T07:05:01Z" finished-at="2019-11-30T07:05:04Z">
          <reporter-output>
          </reporter-output>
        </test-method> <!-- getResponse -->
        <test-method status="PASS" signature="validateResponse()[pri:1, instance:test.Evaluation.Evaluation2@569cfc36]" name="validateResponse" duration-ms="577" started-at="2019-11-30T07:05:04Z" finished-at="2019-11-30T07:05:05Z">
          <reporter-output>
          </reporter-output>
        </test-method> <!-- validateResponse -->
      </class> <!-- test.Evaluation.Evaluation2 -->
    </test> <!-- Automation -->
  </suite> <!-- Test Evaluation -->
</testng-results>
